  Ball.cpp
C:\Users\Voryz\Desktop\Universidad\Image\Fundamentos de programacion\Trabajos practicos\TP02_BorjaLia_Breakout\lib\BorjaLib\include\Utils_Borja.h(303,14): warning C4244: '=': conversion from 'const int' to 'float', possible loss of data
  (compiling source file 'Ball.cpp')
  
C:\Users\Voryz\Desktop\Universidad\Image\Fundamentos de programacion\Trabajos practicos\TP02_BorjaLia_Breakout\lib\BorjaLib\include\Utils_Borja.h(304,14): warning C4244: '=': conversion from 'const int' to 'float', possible loss of data
  (compiling source file 'Ball.cpp')
  
C:\Users\Voryz\Desktop\Universidad\Image\Fundamentos de programacion\Trabajos practicos\TP02_BorjaLia_Breakout\lib\BorjaLib\include\Utils_Borja.h(379,9): warning C4005: 'WHITE': macro redefinition
  (compiling source file 'Ball.cpp')
      C:\Users\Voryz\Desktop\Universidad\Image\Fundamentos de programacion\Trabajos practicos\TP02_BorjaLia_Breakout\lib\raylib-5.5_win64_msvc16\include\raylib.h(197,9):
      see previous definition of 'WHITE'
  
C:\Users\Voryz\Desktop\Universidad\Image\Fundamentos de programacion\Trabajos practicos\TP02_BorjaLia_Breakout\lib\BorjaLib\include\Utils_Borja.h(383,9): warning C4005: 'BLACK': macro redefinition
  (compiling source file 'Ball.cpp')
      C:\Users\Voryz\Desktop\Universidad\Image\Fundamentos de programacion\Trabajos practicos\TP02_BorjaLia_Breakout\lib\raylib-5.5_win64_msvc16\include\raylib.h(198,9):
      see previous definition of 'BLACK'
  
C:\Users\Voryz\Desktop\Universidad\Image\Fundamentos de programacion\Trabajos practicos\TP02_BorjaLia_Breakout\lib\BorjaLib\include\Utils_Borja.h(385,9): warning C4005: 'RED': macro redefinition
  (compiling source file 'Ball.cpp')
      C:\Users\Voryz\Desktop\Universidad\Image\Fundamentos de programacion\Trabajos practicos\TP02_BorjaLia_Breakout\lib\raylib-5.5_win64_msvc16\include\raylib.h(182,9):
      see previous definition of 'RED'
  
C:\Users\Voryz\Desktop\Universidad\Image\Fundamentos de programacion\Trabajos practicos\TP02_BorjaLia_Breakout\lib\BorjaLib\include\Utils_Borja.h(386,9): warning C4005: 'GREEN': macro redefinition
  (compiling source file 'Ball.cpp')
      C:\Users\Voryz\Desktop\Universidad\Image\Fundamentos de programacion\Trabajos practicos\TP02_BorjaLia_Breakout\lib\raylib-5.5_win64_msvc16\include\raylib.h(184,9):
      see previous definition of 'GREEN'
  
C:\Users\Voryz\Desktop\Universidad\Image\Fundamentos de programacion\Trabajos practicos\TP02_BorjaLia_Breakout\lib\BorjaLib\include\Utils_Borja.h(387,9): warning C4005: 'BLUE': macro redefinition
  (compiling source file 'Ball.cpp')
      C:\Users\Voryz\Desktop\Universidad\Image\Fundamentos de programacion\Trabajos practicos\TP02_BorjaLia_Breakout\lib\raylib-5.5_win64_msvc16\include\raylib.h(188,9):
      see previous definition of 'BLUE'
  
C:\Users\Voryz\Desktop\Universidad\Image\Fundamentos de programacion\Trabajos practicos\TP02_BorjaLia_Breakout\lib\BorjaLib\include\Utils_Borja.h(389,9): warning C4005: 'YELLOW': macro redefinition
  (compiling source file 'Ball.cpp')
      C:\Users\Voryz\Desktop\Universidad\Image\Fundamentos de programacion\Trabajos practicos\TP02_BorjaLia_Breakout\lib\raylib-5.5_win64_msvc16\include\raylib.h(178,9):
      see previous definition of 'YELLOW'
  
C:\Users\Voryz\Desktop\Universidad\Image\Fundamentos de programacion\Trabajos practicos\TP02_BorjaLia_Breakout\lib\BorjaLib\include\Utils_Borja.h(391,9): warning C4005: 'MAGENTA': macro redefinition
  (compiling source file 'Ball.cpp')
      C:\Users\Voryz\Desktop\Universidad\Image\Fundamentos de programacion\Trabajos practicos\TP02_BorjaLia_Breakout\lib\raylib-5.5_win64_msvc16\include\raylib.h(200,9):
      see previous definition of 'MAGENTA'
  
C:\Users\Voryz\Desktop\Universidad\Image\Fundamentos de programacion\Trabajos practicos\TP02_BorjaLia_Breakout\lib\BorjaLib\include\Utils_Borja.h(393,9): warning C4005: 'ORANGE': macro redefinition
  (compiling source file 'Ball.cpp')
      C:\Users\Voryz\Desktop\Universidad\Image\Fundamentos de programacion\Trabajos practicos\TP02_BorjaLia_Breakout\lib\raylib-5.5_win64_msvc16\include\raylib.h(180,9):
      see previous definition of 'ORANGE'
  
C:\Users\Voryz\Desktop\Universidad\Image\Fundamentos de programacion\Trabajos practicos\TP02_BorjaLia_Breakout\lib\BorjaLib\include\Utils_Borja.h(394,9): warning C4005: 'LIME': macro redefinition
  (compiling source file 'Ball.cpp')
      C:\Users\Voryz\Desktop\Universidad\Image\Fundamentos de programacion\Trabajos practicos\TP02_BorjaLia_Breakout\lib\raylib-5.5_win64_msvc16\include\raylib.h(185,9):
      see previous definition of 'LIME'
  
C:\Users\Voryz\Desktop\Universidad\Image\Fundamentos de programacion\Trabajos practicos\TP02_BorjaLia_Breakout\lib\BorjaLib\include\Utils_Borja.h(396,9): warning C4005: 'PURPLE': macro redefinition
  (compiling source file 'Ball.cpp')
      C:\Users\Voryz\Desktop\Universidad\Image\Fundamentos de programacion\Trabajos practicos\TP02_BorjaLia_Breakout\lib\raylib-5.5_win64_msvc16\include\raylib.h(190,9):
      see previous definition of 'PURPLE'
  
C:\Users\Voryz\Desktop\Universidad\Image\Fundamentos de programacion\Trabajos practicos\TP02_BorjaLia_Breakout\TP02_BorjaLia_Breakout\Paddle.h(14,28): warning C4305: 'argument': truncation from 'double' to 'float'
  (compiling source file 'Ball.cpp')
  
C:\Users\Voryz\Desktop\Universidad\Image\Fundamentos de programacion\Trabajos practicos\TP02_BorjaLia_Breakout\TP02_BorjaLia_Breakout\Paddle.h(20,30): warning C4305: 'argument': truncation from 'double' to 'float'
  (compiling source file 'Ball.cpp')
  
C:\Users\Voryz\Desktop\Universidad\Image\Fundamentos de programacion\Trabajos practicos\TP02_BorjaLia_Breakout\TP02_BorjaLia_Breakout\Paddle.h(20,25): warning C4305: 'argument': truncation from 'double' to 'float'
  (compiling source file 'Ball.cpp')
  
C:\Users\Voryz\Desktop\Universidad\Image\Fundamentos de programacion\Trabajos practicos\TP02_BorjaLia_Breakout\TP02_BorjaLia_Breakout\Block.h(34,31): warning C4305: 'argument': truncation from 'double' to 'float'
  (compiling source file 'Ball.cpp')
  
C:\Users\Voryz\Desktop\Universidad\Image\Fundamentos de programacion\Trabajos practicos\TP02_BorjaLia_Breakout\TP02_BorjaLia_Breakout\Block.h(34,25): warning C4305: 'argument': truncation from 'double' to 'float'
  (compiling source file 'Ball.cpp')
  
C:\Users\Voryz\Desktop\Universidad\Image\Fundamentos de programacion\Trabajos practicos\TP02_BorjaLia_Breakout\TP02_BorjaLia_Breakout\Ball.h(25,29): warning C4305: 'argument': truncation from 'double' to 'float'
  (compiling source file 'Ball.cpp')
  
C:\Users\Voryz\Desktop\Universidad\Image\Fundamentos de programacion\Trabajos practicos\TP02_BorjaLia_Breakout\TP02_BorjaLia_Breakout\Ball.h(30,31): warning C4305: 'argument': truncation from 'double' to 'float'
  (compiling source file 'Ball.cpp')
  
C:\Users\Voryz\Desktop\Universidad\Image\Fundamentos de programacion\Trabajos practicos\TP02_BorjaLia_Breakout\TP02_BorjaLia_Breakout\Ball.h(30,25): warning C4305: 'argument': truncation from 'double' to 'float'
  (compiling source file 'Ball.cpp')
  
C:\Users\Voryz\Desktop\Universidad\Image\Fundamentos de programacion\Trabajos practicos\TP02_BorjaLia_Breakout\TP02_BorjaLia_Breakout\Ball.cpp(155,3): warning C4102: 'bll': unreferenced label
C:\Users\Voryz\Desktop\Universidad\Image\Fundamentos de programacion\Trabajos practicos\TP02_BorjaLia_Breakout\TP02_BorjaLia_Breakout\Ball.cpp(171,65): warning C4305: 'argument': truncation from 'double' to 'float'
C:\Users\Voryz\Desktop\Universidad\Image\Fundamentos de programacion\Trabajos practicos\TP02_BorjaLia_Breakout\TP02_BorjaLia_Breakout\Ball.cpp(171,59): warning C4305: 'argument': truncation from 'double' to 'float'
C:\Users\Voryz\Desktop\Universidad\Image\Fundamentos de programacion\Trabajos practicos\TP02_BorjaLia_Breakout\TP02_BorjaLia_Breakout\Ball.cpp(172,64): warning C4305: 'argument': truncation from 'double' to 'float'
C:\Users\Voryz\Desktop\Universidad\Image\Fundamentos de programacion\Trabajos practicos\TP02_BorjaLia_Breakout\TP02_BorjaLia_Breakout\Ball.cpp(172,58): warning C4305: 'argument': truncation from 'double' to 'float'
C:\Users\Voryz\Desktop\Universidad\Image\Fundamentos de programacion\Trabajos practicos\TP02_BorjaLia_Breakout\TP02_BorjaLia_Breakout\Ball.cpp(173,65): warning C4305: 'argument': truncation from 'double' to 'float'
C:\Users\Voryz\Desktop\Universidad\Image\Fundamentos de programacion\Trabajos practicos\TP02_BorjaLia_Breakout\TP02_BorjaLia_Breakout\Ball.cpp(173,59): warning C4305: 'argument': truncation from 'double' to 'float'
  Block.cpp
C:\Users\Voryz\Desktop\Universidad\Image\Fundamentos de programacion\Trabajos practicos\TP02_BorjaLia_Breakout\lib\BorjaLib\include\Utils_Borja.h(303,14): warning C4244: '=': conversion from 'const int' to 'float', possible loss of data
  (compiling source file 'Block.cpp')
  
C:\Users\Voryz\Desktop\Universidad\Image\Fundamentos de programacion\Trabajos practicos\TP02_BorjaLia_Breakout\lib\BorjaLib\include\Utils_Borja.h(304,14): warning C4244: '=': conversion from 'const int' to 'float', possible loss of data
  (compiling source file 'Block.cpp')
  
C:\Users\Voryz\Desktop\Universidad\Image\Fundamentos de programacion\Trabajos practicos\TP02_BorjaLia_Breakout\lib\BorjaLib\include\Utils_Borja.h(379,9): warning C4005: 'WHITE': macro redefinition
  (compiling source file 'Block.cpp')
      C:\Users\Voryz\Desktop\Universidad\Image\Fundamentos de programacion\Trabajos practicos\TP02_BorjaLia_Breakout\lib\raylib-5.5_win64_msvc16\include\raylib.h(197,9):
      see previous definition of 'WHITE'
  
C:\Users\Voryz\Desktop\Universidad\Image\Fundamentos de programacion\Trabajos practicos\TP02_BorjaLia_Breakout\lib\BorjaLib\include\Utils_Borja.h(383,9): warning C4005: 'BLACK': macro redefinition
  (compiling source file 'Block.cpp')
      C:\Users\Voryz\Desktop\Universidad\Image\Fundamentos de programacion\Trabajos practicos\TP02_BorjaLia_Breakout\lib\raylib-5.5_win64_msvc16\include\raylib.h(198,9):
      see previous definition of 'BLACK'
  
C:\Users\Voryz\Desktop\Universidad\Image\Fundamentos de programacion\Trabajos practicos\TP02_BorjaLia_Breakout\lib\BorjaLib\include\Utils_Borja.h(385,9): warning C4005: 'RED': macro redefinition
  (compiling source file 'Block.cpp')
      C:\Users\Voryz\Desktop\Universidad\Image\Fundamentos de programacion\Trabajos practicos\TP02_BorjaLia_Breakout\lib\raylib-5.5_win64_msvc16\include\raylib.h(182,9):
      see previous definition of 'RED'
  
C:\Users\Voryz\Desktop\Universidad\Image\Fundamentos de programacion\Trabajos practicos\TP02_BorjaLia_Breakout\lib\BorjaLib\include\Utils_Borja.h(386,9): warning C4005: 'GREEN': macro redefinition
  (compiling source file 'Block.cpp')
      C:\Users\Voryz\Desktop\Universidad\Image\Fundamentos de programacion\Trabajos practicos\TP02_BorjaLia_Breakout\lib\raylib-5.5_win64_msvc16\include\raylib.h(184,9):
      see previous definition of 'GREEN'
  
C:\Users\Voryz\Desktop\Universidad\Image\Fundamentos de programacion\Trabajos practicos\TP02_BorjaLia_Breakout\lib\BorjaLib\include\Utils_Borja.h(387,9): warning C4005: 'BLUE': macro redefinition
  (compiling source file 'Block.cpp')
      C:\Users\Voryz\Desktop\Universidad\Image\Fundamentos de programacion\Trabajos practicos\TP02_BorjaLia_Breakout\lib\raylib-5.5_win64_msvc16\include\raylib.h(188,9):
      see previous definition of 'BLUE'
  
C:\Users\Voryz\Desktop\Universidad\Image\Fundamentos de programacion\Trabajos practicos\TP02_BorjaLia_Breakout\lib\BorjaLib\include\Utils_Borja.h(389,9): warning C4005: 'YELLOW': macro redefinition
  (compiling source file 'Block.cpp')
      C:\Users\Voryz\Desktop\Universidad\Image\Fundamentos de programacion\Trabajos practicos\TP02_BorjaLia_Breakout\lib\raylib-5.5_win64_msvc16\include\raylib.h(178,9):
      see previous definition of 'YELLOW'
  
C:\Users\Voryz\Desktop\Universidad\Image\Fundamentos de programacion\Trabajos practicos\TP02_BorjaLia_Breakout\lib\BorjaLib\include\Utils_Borja.h(391,9): warning C4005: 'MAGENTA': macro redefinition
  (compiling source file 'Block.cpp')
      C:\Users\Voryz\Desktop\Universidad\Image\Fundamentos de programacion\Trabajos practicos\TP02_BorjaLia_Breakout\lib\raylib-5.5_win64_msvc16\include\raylib.h(200,9):
      see previous definition of 'MAGENTA'
  
C:\Users\Voryz\Desktop\Universidad\Image\Fundamentos de programacion\Trabajos practicos\TP02_BorjaLia_Breakout\lib\BorjaLib\include\Utils_Borja.h(393,9): warning C4005: 'ORANGE': macro redefinition
  (compiling source file 'Block.cpp')
      C:\Users\Voryz\Desktop\Universidad\Image\Fundamentos de programacion\Trabajos practicos\TP02_BorjaLia_Breakout\lib\raylib-5.5_win64_msvc16\include\raylib.h(180,9):
      see previous definition of 'ORANGE'
  
C:\Users\Voryz\Desktop\Universidad\Image\Fundamentos de programacion\Trabajos practicos\TP02_BorjaLia_Breakout\lib\BorjaLib\include\Utils_Borja.h(394,9): warning C4005: 'LIME': macro redefinition
  (compiling source file 'Block.cpp')
      C:\Users\Voryz\Desktop\Universidad\Image\Fundamentos de programacion\Trabajos practicos\TP02_BorjaLia_Breakout\lib\raylib-5.5_win64_msvc16\include\raylib.h(185,9):
      see previous definition of 'LIME'
  
C:\Users\Voryz\Desktop\Universidad\Image\Fundamentos de programacion\Trabajos practicos\TP02_BorjaLia_Breakout\lib\BorjaLib\include\Utils_Borja.h(396,9): warning C4005: 'PURPLE': macro redefinition
  (compiling source file 'Block.cpp')
      C:\Users\Voryz\Desktop\Universidad\Image\Fundamentos de programacion\Trabajos practicos\TP02_BorjaLia_Breakout\lib\raylib-5.5_win64_msvc16\include\raylib.h(190,9):
      see previous definition of 'PURPLE'
  
C:\Users\Voryz\Desktop\Universidad\Image\Fundamentos de programacion\Trabajos practicos\TP02_BorjaLia_Breakout\TP02_BorjaLia_Breakout\Paddle.h(14,28): warning C4305: 'argument': truncation from 'double' to 'float'
  (compiling source file 'Block.cpp')
  
C:\Users\Voryz\Desktop\Universidad\Image\Fundamentos de programacion\Trabajos practicos\TP02_BorjaLia_Breakout\TP02_BorjaLia_Breakout\Paddle.h(20,30): warning C4305: 'argument': truncation from 'double' to 'float'
  (compiling source file 'Block.cpp')
  
C:\Users\Voryz\Desktop\Universidad\Image\Fundamentos de programacion\Trabajos practicos\TP02_BorjaLia_Breakout\TP02_BorjaLia_Breakout\Paddle.h(20,25): warning C4305: 'argument': truncation from 'double' to 'float'
  (compiling source file 'Block.cpp')
  
C:\Users\Voryz\Desktop\Universidad\Image\Fundamentos de programacion\Trabajos practicos\TP02_BorjaLia_Breakout\TP02_BorjaLia_Breakout\Block.h(34,31): warning C4305: 'argument': truncation from 'double' to 'float'
  (compiling source file 'Block.cpp')
  
C:\Users\Voryz\Desktop\Universidad\Image\Fundamentos de programacion\Trabajos practicos\TP02_BorjaLia_Breakout\TP02_BorjaLia_Breakout\Block.h(34,25): warning C4305: 'argument': truncation from 'double' to 'float'
  (compiling source file 'Block.cpp')
  
C:\Users\Voryz\Desktop\Universidad\Image\Fundamentos de programacion\Trabajos practicos\TP02_BorjaLia_Breakout\TP02_BorjaLia_Breakout\Block.cpp(68,37): warning C4244: '+=': conversion from 'float' to 'int', possible loss of data
  GameManager.cpp
C:\Users\Voryz\Desktop\Universidad\Image\Fundamentos de programacion\Trabajos practicos\TP02_BorjaLia_Breakout\lib\BorjaLib\include\Utils_Borja.h(303,14): warning C4244: '=': conversion from 'const int' to 'float', possible loss of data
  (compiling source file 'GameManager.cpp')
  
C:\Users\Voryz\Desktop\Universidad\Image\Fundamentos de programacion\Trabajos practicos\TP02_BorjaLia_Breakout\lib\BorjaLib\include\Utils_Borja.h(304,14): warning C4244: '=': conversion from 'const int' to 'float', possible loss of data
  (compiling source file 'GameManager.cpp')
  
C:\Users\Voryz\Desktop\Universidad\Image\Fundamentos de programacion\Trabajos practicos\TP02_BorjaLia_Breakout\lib\BorjaLib\include\Utils_Borja.h(379,9): warning C4005: 'WHITE': macro redefinition
  (compiling source file 'GameManager.cpp')
      C:\Users\Voryz\Desktop\Universidad\Image\Fundamentos de programacion\Trabajos practicos\TP02_BorjaLia_Breakout\lib\raylib-5.5_win64_msvc16\include\raylib.h(197,9):
      see previous definition of 'WHITE'
  
C:\Users\Voryz\Desktop\Universidad\Image\Fundamentos de programacion\Trabajos practicos\TP02_BorjaLia_Breakout\lib\BorjaLib\include\Utils_Borja.h(383,9): warning C4005: 'BLACK': macro redefinition
  (compiling source file 'GameManager.cpp')
      C:\Users\Voryz\Desktop\Universidad\Image\Fundamentos de programacion\Trabajos practicos\TP02_BorjaLia_Breakout\lib\raylib-5.5_win64_msvc16\include\raylib.h(198,9):
      see previous definition of 'BLACK'
  
C:\Users\Voryz\Desktop\Universidad\Image\Fundamentos de programacion\Trabajos practicos\TP02_BorjaLia_Breakout\lib\BorjaLib\include\Utils_Borja.h(385,9): warning C4005: 'RED': macro redefinition
  (compiling source file 'GameManager.cpp')
      C:\Users\Voryz\Desktop\Universidad\Image\Fundamentos de programacion\Trabajos practicos\TP02_BorjaLia_Breakout\lib\raylib-5.5_win64_msvc16\include\raylib.h(182,9):
      see previous definition of 'RED'
  
C:\Users\Voryz\Desktop\Universidad\Image\Fundamentos de programacion\Trabajos practicos\TP02_BorjaLia_Breakout\lib\BorjaLib\include\Utils_Borja.h(386,9): warning C4005: 'GREEN': macro redefinition
  (compiling source file 'GameManager.cpp')
      C:\Users\Voryz\Desktop\Universidad\Image\Fundamentos de programacion\Trabajos practicos\TP02_BorjaLia_Breakout\lib\raylib-5.5_win64_msvc16\include\raylib.h(184,9):
      see previous definition of 'GREEN'
  
C:\Users\Voryz\Desktop\Universidad\Image\Fundamentos de programacion\Trabajos practicos\TP02_BorjaLia_Breakout\lib\BorjaLib\include\Utils_Borja.h(387,9): warning C4005: 'BLUE': macro redefinition
  (compiling source file 'GameManager.cpp')
      C:\Users\Voryz\Desktop\Universidad\Image\Fundamentos de programacion\Trabajos practicos\TP02_BorjaLia_Breakout\lib\raylib-5.5_win64_msvc16\include\raylib.h(188,9):
      see previous definition of 'BLUE'
  
C:\Users\Voryz\Desktop\Universidad\Image\Fundamentos de programacion\Trabajos practicos\TP02_BorjaLia_Breakout\lib\BorjaLib\include\Utils_Borja.h(389,9): warning C4005: 'YELLOW': macro redefinition
  (compiling source file 'GameManager.cpp')
      C:\Users\Voryz\Desktop\Universidad\Image\Fundamentos de programacion\Trabajos practicos\TP02_BorjaLia_Breakout\lib\raylib-5.5_win64_msvc16\include\raylib.h(178,9):
      see previous definition of 'YELLOW'
  
C:\Users\Voryz\Desktop\Universidad\Image\Fundamentos de programacion\Trabajos practicos\TP02_BorjaLia_Breakout\lib\BorjaLib\include\Utils_Borja.h(391,9): warning C4005: 'MAGENTA': macro redefinition
  (compiling source file 'GameManager.cpp')
      C:\Users\Voryz\Desktop\Universidad\Image\Fundamentos de programacion\Trabajos practicos\TP02_BorjaLia_Breakout\lib\raylib-5.5_win64_msvc16\include\raylib.h(200,9):
      see previous definition of 'MAGENTA'
  
C:\Users\Voryz\Desktop\Universidad\Image\Fundamentos de programacion\Trabajos practicos\TP02_BorjaLia_Breakout\lib\BorjaLib\include\Utils_Borja.h(393,9): warning C4005: 'ORANGE': macro redefinition
  (compiling source file 'GameManager.cpp')
      C:\Users\Voryz\Desktop\Universidad\Image\Fundamentos de programacion\Trabajos practicos\TP02_BorjaLia_Breakout\lib\raylib-5.5_win64_msvc16\include\raylib.h(180,9):
      see previous definition of 'ORANGE'
  
C:\Users\Voryz\Desktop\Universidad\Image\Fundamentos de programacion\Trabajos practicos\TP02_BorjaLia_Breakout\lib\BorjaLib\include\Utils_Borja.h(394,9): warning C4005: 'LIME': macro redefinition
  (compiling source file 'GameManager.cpp')
      C:\Users\Voryz\Desktop\Universidad\Image\Fundamentos de programacion\Trabajos practicos\TP02_BorjaLia_Breakout\lib\raylib-5.5_win64_msvc16\include\raylib.h(185,9):
      see previous definition of 'LIME'
  
C:\Users\Voryz\Desktop\Universidad\Image\Fundamentos de programacion\Trabajos practicos\TP02_BorjaLia_Breakout\lib\BorjaLib\include\Utils_Borja.h(396,9): warning C4005: 'PURPLE': macro redefinition
  (compiling source file 'GameManager.cpp')
      C:\Users\Voryz\Desktop\Universidad\Image\Fundamentos de programacion\Trabajos practicos\TP02_BorjaLia_Breakout\lib\raylib-5.5_win64_msvc16\include\raylib.h(190,9):
      see previous definition of 'PURPLE'
  
C:\Users\Voryz\Desktop\Universidad\Image\Fundamentos de programacion\Trabajos practicos\TP02_BorjaLia_Breakout\TP02_BorjaLia_Breakout\Paddle.h(14,28): warning C4305: 'argument': truncation from 'double' to 'float'
  (compiling source file 'GameManager.cpp')
  
C:\Users\Voryz\Desktop\Universidad\Image\Fundamentos de programacion\Trabajos practicos\TP02_BorjaLia_Breakout\TP02_BorjaLia_Breakout\Paddle.h(20,30): warning C4305: 'argument': truncation from 'double' to 'float'
  (compiling source file 'GameManager.cpp')
  
C:\Users\Voryz\Desktop\Universidad\Image\Fundamentos de programacion\Trabajos practicos\TP02_BorjaLia_Breakout\TP02_BorjaLia_Breakout\Paddle.h(20,25): warning C4305: 'argument': truncation from 'double' to 'float'
  (compiling source file 'GameManager.cpp')
  
C:\Users\Voryz\Desktop\Universidad\Image\Fundamentos de programacion\Trabajos practicos\TP02_BorjaLia_Breakout\TP02_BorjaLia_Breakout\Block.h(34,31): warning C4305: 'argument': truncation from 'double' to 'float'
  (compiling source file 'GameManager.cpp')
  
C:\Users\Voryz\Desktop\Universidad\Image\Fundamentos de programacion\Trabajos practicos\TP02_BorjaLia_Breakout\TP02_BorjaLia_Breakout\Block.h(34,25): warning C4305: 'argument': truncation from 'double' to 'float'
  (compiling source file 'GameManager.cpp')
  
C:\Users\Voryz\Desktop\Universidad\Image\Fundamentos de programacion\Trabajos practicos\TP02_BorjaLia_Breakout\TP02_BorjaLia_Breakout\Ball.h(25,29): warning C4305: 'argument': truncation from 'double' to 'float'
  (compiling source file 'GameManager.cpp')
  
C:\Users\Voryz\Desktop\Universidad\Image\Fundamentos de programacion\Trabajos practicos\TP02_BorjaLia_Breakout\TP02_BorjaLia_Breakout\Ball.h(30,31): warning C4305: 'argument': truncation from 'double' to 'float'
  (compiling source file 'GameManager.cpp')
  
C:\Users\Voryz\Desktop\Universidad\Image\Fundamentos de programacion\Trabajos practicos\TP02_BorjaLia_Breakout\TP02_BorjaLia_Breakout\Ball.h(30,25): warning C4305: 'argument': truncation from 'double' to 'float'
  (compiling source file 'GameManager.cpp')
  
C:\Users\Voryz\Desktop\Universidad\Image\Fundamentos de programacion\Trabajos practicos\TP02_BorjaLia_Breakout\TP02_BorjaLia_Breakout\GameManager.cpp(8,27): warning C4244: '=': conversion from 'int' to 'float', possible loss of data
C:\Users\Voryz\Desktop\Universidad\Image\Fundamentos de programacion\Trabajos practicos\TP02_BorjaLia_Breakout\TP02_BorjaLia_Breakout\GameManager.cpp(9,27): warning C4244: '=': conversion from 'int' to 'float', possible loss of data
C:\Users\Voryz\Desktop\Universidad\Image\Fundamentos de programacion\Trabajos practicos\TP02_BorjaLia_Breakout\TP02_BorjaLia_Breakout\GameManager.cpp(61,22): warning C4305: 'argument': truncation from 'double' to 'float'
C:\Users\Voryz\Desktop\Universidad\Image\Fundamentos de programacion\Trabajos practicos\TP02_BorjaLia_Breakout\TP02_BorjaLia_Breakout\GameManager.cpp(61,17): warning C4305: 'argument': truncation from 'double' to 'float'
C:\Users\Voryz\Desktop\Universidad\Image\Fundamentos de programacion\Trabajos practicos\TP02_BorjaLia_Breakout\TP02_BorjaLia_Breakout\GameManager.cpp(62,24): warning C4305: 'argument': truncation from 'double' to 'float'
C:\Users\Voryz\Desktop\Universidad\Image\Fundamentos de programacion\Trabajos practicos\TP02_BorjaLia_Breakout\TP02_BorjaLia_Breakout\GameManager.cpp(62,19): warning C4305: 'argument': truncation from 'double' to 'float'
C:\Users\Voryz\Desktop\Universidad\Image\Fundamentos de programacion\Trabajos practicos\TP02_BorjaLia_Breakout\TP02_BorjaLia_Breakout\GameManager.cpp(63,26): warning C4305: 'argument': truncation from 'double' to 'float'
C:\Users\Voryz\Desktop\Universidad\Image\Fundamentos de programacion\Trabajos practicos\TP02_BorjaLia_Breakout\TP02_BorjaLia_Breakout\GameManager.cpp(68,20): warning C4305: 'argument': truncation from 'double' to 'float'
C:\Users\Voryz\Desktop\Universidad\Image\Fundamentos de programacion\Trabajos practicos\TP02_BorjaLia_Breakout\TP02_BorjaLia_Breakout\GameManager.cpp(68,16): warning C4305: 'argument': truncation from 'double' to 'float'
C:\Users\Voryz\Desktop\Universidad\Image\Fundamentos de programacion\Trabajos practicos\TP02_BorjaLia_Breakout\TP02_BorjaLia_Breakout\GameManager.cpp(91,25): warning C4305: 'argument': truncation from 'double' to 'float'
C:\Users\Voryz\Desktop\Universidad\Image\Fundamentos de programacion\Trabajos practicos\TP02_BorjaLia_Breakout\TP02_BorjaLia_Breakout\GameManager.cpp(91,21): warning C4305: 'argument': truncation from 'double' to 'float'
C:\Users\Voryz\Desktop\Universidad\Image\Fundamentos de programacion\Trabajos practicos\TP02_BorjaLia_Breakout\TP02_BorjaLia_Breakout\GameManager.cpp(101,27): warning C4305: 'argument': truncation from 'double' to 'float'
C:\Users\Voryz\Desktop\Universidad\Image\Fundamentos de programacion\Trabajos practicos\TP02_BorjaLia_Breakout\TP02_BorjaLia_Breakout\GameManager.cpp(101,23): warning C4305: 'argument': truncation from 'double' to 'float'
C:\Users\Voryz\Desktop\Universidad\Image\Fundamentos de programacion\Trabajos practicos\TP02_BorjaLia_Breakout\TP02_BorjaLia_Breakout\GameManager.cpp(102,32): warning C4305: 'argument': truncation from 'double' to 'float'
C:\Users\Voryz\Desktop\Universidad\Image\Fundamentos de programacion\Trabajos practicos\TP02_BorjaLia_Breakout\TP02_BorjaLia_Breakout\GameManager.cpp(115,44): warning C4305: 'argument': truncation from 'double' to 'float'
C:\Users\Voryz\Desktop\Universidad\Image\Fundamentos de programacion\Trabajos practicos\TP02_BorjaLia_Breakout\TP02_BorjaLia_Breakout\GameManager.cpp(115,40): warning C4305: 'argument': truncation from 'double' to 'float'
C:\Users\Voryz\Desktop\Universidad\Image\Fundamentos de programacion\Trabajos practicos\TP02_BorjaLia_Breakout\TP02_BorjaLia_Breakout\GameManager.cpp(124,44): warning C4305: 'argument': truncation from 'double' to 'float'
C:\Users\Voryz\Desktop\Universidad\Image\Fundamentos de programacion\Trabajos practicos\TP02_BorjaLia_Breakout\TP02_BorjaLia_Breakout\GameManager.cpp(133,47): warning C4305: 'argument': truncation from 'double' to 'float'
C:\Users\Voryz\Desktop\Universidad\Image\Fundamentos de programacion\Trabajos practicos\TP02_BorjaLia_Breakout\TP02_BorjaLia_Breakout\GameManager.cpp(133,43): warning C4305: 'argument': truncation from 'double' to 'float'
C:\Users\Voryz\Desktop\Universidad\Image\Fundamentos de programacion\Trabajos practicos\TP02_BorjaLia_Breakout\TP02_BorjaLia_Breakout\GameManager.cpp(142,44): warning C4305: 'argument': truncation from 'double' to 'float'
C:\Users\Voryz\Desktop\Universidad\Image\Fundamentos de programacion\Trabajos practicos\TP02_BorjaLia_Breakout\TP02_BorjaLia_Breakout\GameManager.cpp(142,40): warning C4305: 'argument': truncation from 'double' to 'float'
C:\Users\Voryz\Desktop\Universidad\Image\Fundamentos de programacion\Trabajos practicos\TP02_BorjaLia_Breakout\TP02_BorjaLia_Breakout\GameManager.cpp(153,25): warning C4305: 'argument': truncation from 'double' to 'float'
C:\Users\Voryz\Desktop\Universidad\Image\Fundamentos de programacion\Trabajos practicos\TP02_BorjaLia_Breakout\TP02_BorjaLia_Breakout\GameManager.cpp(153,21): warning C4305: 'argument': truncation from 'double' to 'float'
C:\Users\Voryz\Desktop\Universidad\Image\Fundamentos de programacion\Trabajos practicos\TP02_BorjaLia_Breakout\TP02_BorjaLia_Breakout\GameManager.cpp(163,27): warning C4305: 'argument': truncation from 'double' to 'float'
C:\Users\Voryz\Desktop\Universidad\Image\Fundamentos de programacion\Trabajos practicos\TP02_BorjaLia_Breakout\TP02_BorjaLia_Breakout\GameManager.cpp(163,23): warning C4305: 'argument': truncation from 'double' to 'float'
C:\Users\Voryz\Desktop\Universidad\Image\Fundamentos de programacion\Trabajos practicos\TP02_BorjaLia_Breakout\TP02_BorjaLia_Breakout\GameManager.cpp(179,47): warning C4305: 'argument': truncation from 'double' to 'float'
C:\Users\Voryz\Desktop\Universidad\Image\Fundamentos de programacion\Trabajos practicos\TP02_BorjaLia_Breakout\TP02_BorjaLia_Breakout\GameManager.cpp(179,43): warning C4305: 'argument': truncation from 'double' to 'float'
C:\Users\Voryz\Desktop\Universidad\Image\Fundamentos de programacion\Trabajos practicos\TP02_BorjaLia_Breakout\TP02_BorjaLia_Breakout\GameManager.cpp(185,44): warning C4305: 'argument': truncation from 'double' to 'float'
C:\Users\Voryz\Desktop\Universidad\Image\Fundamentos de programacion\Trabajos practicos\TP02_BorjaLia_Breakout\TP02_BorjaLia_Breakout\GameManager.cpp(185,40): warning C4305: 'argument': truncation from 'double' to 'float'
C:\Users\Voryz\Desktop\Universidad\Image\Fundamentos de programacion\Trabajos practicos\TP02_BorjaLia_Breakout\TP02_BorjaLia_Breakout\GameManager.cpp(186,50): warning C4305: 'argument': truncation from 'double' to 'float'
C:\Users\Voryz\Desktop\Universidad\Image\Fundamentos de programacion\Trabajos practicos\TP02_BorjaLia_Breakout\TP02_BorjaLia_Breakout\GameManager.cpp(196,43): warning C4305: 'argument': truncation from 'double' to 'float'
C:\Users\Voryz\Desktop\Universidad\Image\Fundamentos de programacion\Trabajos practicos\TP02_BorjaLia_Breakout\TP02_BorjaLia_Breakout\GameManager.cpp(196,39): warning C4305: 'argument': truncation from 'double' to 'float'
C:\Users\Voryz\Desktop\Universidad\Image\Fundamentos de programacion\Trabajos practicos\TP02_BorjaLia_Breakout\TP02_BorjaLia_Breakout\GameManager.cpp(197,49): warning C4305: 'argument': truncation from 'double' to 'float'
C:\Users\Voryz\Desktop\Universidad\Image\Fundamentos de programacion\Trabajos practicos\TP02_BorjaLia_Breakout\TP02_BorjaLia_Breakout\GameManager.cpp(209,25): warning C4305: 'argument': truncation from 'double' to 'float'
C:\Users\Voryz\Desktop\Universidad\Image\Fundamentos de programacion\Trabajos practicos\TP02_BorjaLia_Breakout\TP02_BorjaLia_Breakout\GameManager.cpp(209,21): warning C4305: 'argument': truncation from 'double' to 'float'
C:\Users\Voryz\Desktop\Universidad\Image\Fundamentos de programacion\Trabajos practicos\TP02_BorjaLia_Breakout\TP02_BorjaLia_Breakout\GameManager.cpp(219,27): warning C4305: 'argument': truncation from 'double' to 'float'
C:\Users\Voryz\Desktop\Universidad\Image\Fundamentos de programacion\Trabajos practicos\TP02_BorjaLia_Breakout\TP02_BorjaLia_Breakout\GameManager.cpp(219,23): warning C4305: 'argument': truncation from 'double' to 'float'
C:\Users\Voryz\Desktop\Universidad\Image\Fundamentos de programacion\Trabajos practicos\TP02_BorjaLia_Breakout\TP02_BorjaLia_Breakout\GameManager.cpp(220,32): warning C4305: 'argument': truncation from 'double' to 'float'
C:\Users\Voryz\Desktop\Universidad\Image\Fundamentos de programacion\Trabajos practicos\TP02_BorjaLia_Breakout\TP02_BorjaLia_Breakout\GameManager.cpp(234,39): warning C4305: 'argument': truncation from 'double' to 'float'
C:\Users\Voryz\Desktop\Universidad\Image\Fundamentos de programacion\Trabajos practicos\TP02_BorjaLia_Breakout\TP02_BorjaLia_Breakout\GameManager.cpp(235,45): warning C4305: 'argument': truncation from 'double' to 'float'
C:\Users\Voryz\Desktop\Universidad\Image\Fundamentos de programacion\Trabajos practicos\TP02_BorjaLia_Breakout\TP02_BorjaLia_Breakout\GameManager.cpp(235,40): warning C4305: 'argument': truncation from 'double' to 'float'
C:\Users\Voryz\Desktop\Universidad\Image\Fundamentos de programacion\Trabajos practicos\TP02_BorjaLia_Breakout\TP02_BorjaLia_Breakout\GameManager.cpp(242,39): warning C4305: 'argument': truncation from 'double' to 'float'
C:\Users\Voryz\Desktop\Universidad\Image\Fundamentos de programacion\Trabajos practicos\TP02_BorjaLia_Breakout\TP02_BorjaLia_Breakout\GameManager.cpp(243,45): warning C4305: 'argument': truncation from 'double' to 'float'
C:\Users\Voryz\Desktop\Universidad\Image\Fundamentos de programacion\Trabajos practicos\TP02_BorjaLia_Breakout\TP02_BorjaLia_Breakout\GameManager.cpp(243,40): warning C4305: 'argument': truncation from 'double' to 'float'
C:\Users\Voryz\Desktop\Universidad\Image\Fundamentos de programacion\Trabajos practicos\TP02_BorjaLia_Breakout\TP02_BorjaLia_Breakout\GameManager.cpp(265,25): warning C4305: 'argument': truncation from 'double' to 'float'
C:\Users\Voryz\Desktop\Universidad\Image\Fundamentos de programacion\Trabajos practicos\TP02_BorjaLia_Breakout\TP02_BorjaLia_Breakout\GameManager.cpp(265,21): warning C4305: 'argument': truncation from 'double' to 'float'
C:\Users\Voryz\Desktop\Universidad\Image\Fundamentos de programacion\Trabajos practicos\TP02_BorjaLia_Breakout\TP02_BorjaLia_Breakout\GameManager.cpp(275,27): warning C4305: 'argument': truncation from 'double' to 'float'
C:\Users\Voryz\Desktop\Universidad\Image\Fundamentos de programacion\Trabajos practicos\TP02_BorjaLia_Breakout\TP02_BorjaLia_Breakout\GameManager.cpp(275,23): warning C4305: 'argument': truncation from 'double' to 'float'
C:\Users\Voryz\Desktop\Universidad\Image\Fundamentos de programacion\Trabajos practicos\TP02_BorjaLia_Breakout\TP02_BorjaLia_Breakout\GameManager.cpp(276,32): warning C4305: 'argument': truncation from 'double' to 'float'
C:\Users\Voryz\Desktop\Universidad\Image\Fundamentos de programacion\Trabajos practicos\TP02_BorjaLia_Breakout\TP02_BorjaLia_Breakout\GameManager.cpp(290,43): warning C4305: 'argument': truncation from 'double' to 'float'
C:\Users\Voryz\Desktop\Universidad\Image\Fundamentos de programacion\Trabajos practicos\TP02_BorjaLia_Breakout\TP02_BorjaLia_Breakout\GameManager.cpp(290,39): warning C4305: 'argument': truncation from 'double' to 'float'
C:\Users\Voryz\Desktop\Universidad\Image\Fundamentos de programacion\Trabajos practicos\TP02_BorjaLia_Breakout\TP02_BorjaLia_Breakout\GameManager.cpp(301,25): warning C4305: 'argument': truncation from 'double' to 'float'
C:\Users\Voryz\Desktop\Universidad\Image\Fundamentos de programacion\Trabajos practicos\TP02_BorjaLia_Breakout\TP02_BorjaLia_Breakout\GameManager.cpp(301,21): warning C4305: 'argument': truncation from 'double' to 'float'
C:\Users\Voryz\Desktop\Universidad\Image\Fundamentos de programacion\Trabajos practicos\TP02_BorjaLia_Breakout\TP02_BorjaLia_Breakout\GameManager.cpp(309,27): warning C4305: 'argument': truncation from 'double' to 'float'
C:\Users\Voryz\Desktop\Universidad\Image\Fundamentos de programacion\Trabajos practicos\TP02_BorjaLia_Breakout\TP02_BorjaLia_Breakout\GameManager.cpp(320,27): warning C4305: 'argument': truncation from 'double' to 'float'
C:\Users\Voryz\Desktop\Universidad\Image\Fundamentos de programacion\Trabajos practicos\TP02_BorjaLia_Breakout\TP02_BorjaLia_Breakout\GameManager.cpp(320,23): warning C4305: 'argument': truncation from 'double' to 'float'
C:\Users\Voryz\Desktop\Universidad\Image\Fundamentos de programacion\Trabajos practicos\TP02_BorjaLia_Breakout\TP02_BorjaLia_Breakout\GameManager.cpp(321,32): warning C4305: 'argument': truncation from 'double' to 'float'
C:\Users\Voryz\Desktop\Universidad\Image\Fundamentos de programacion\Trabajos practicos\TP02_BorjaLia_Breakout\TP02_BorjaLia_Breakout\GameManager.cpp(335,43): warning C4305: 'argument': truncation from 'double' to 'float'
C:\Users\Voryz\Desktop\Universidad\Image\Fundamentos de programacion\Trabajos practicos\TP02_BorjaLia_Breakout\TP02_BorjaLia_Breakout\GameManager.cpp(335,39): warning C4305: 'argument': truncation from 'double' to 'float'
C:\Users\Voryz\Desktop\Universidad\Image\Fundamentos de programacion\Trabajos practicos\TP02_BorjaLia_Breakout\TP02_BorjaLia_Breakout\GameManager.cpp(347,31): warning C4305: 'argument': truncation from 'double' to 'float'
C:\Users\Voryz\Desktop\Universidad\Image\Fundamentos de programacion\Trabajos practicos\TP02_BorjaLia_Breakout\TP02_BorjaLia_Breakout\GameManager.cpp(347,27): warning C4305: 'argument': truncation from 'double' to 'float'
C:\Users\Voryz\Desktop\Universidad\Image\Fundamentos de programacion\Trabajos practicos\TP02_BorjaLia_Breakout\TP02_BorjaLia_Breakout\GameManager.cpp(348,38): warning C4305: 'argument': truncation from 'double' to 'float'
C:\Users\Voryz\Desktop\Universidad\Image\Fundamentos de programacion\Trabajos practicos\TP02_BorjaLia_Breakout\TP02_BorjaLia_Breakout\GameManager.cpp(363,47): warning C4305: 'argument': truncation from 'double' to 'float'
C:\Users\Voryz\Desktop\Universidad\Image\Fundamentos de programacion\Trabajos practicos\TP02_BorjaLia_Breakout\TP02_BorjaLia_Breakout\GameManager.cpp(363,43): warning C4305: 'argument': truncation from 'double' to 'float'
C:\Users\Voryz\Desktop\Universidad\Image\Fundamentos de programacion\Trabajos practicos\TP02_BorjaLia_Breakout\TP02_BorjaLia_Breakout\GameManager.cpp(369,47): warning C4305: 'argument': truncation from 'double' to 'float'
C:\Users\Voryz\Desktop\Universidad\Image\Fundamentos de programacion\Trabajos practicos\TP02_BorjaLia_Breakout\TP02_BorjaLia_Breakout\GameManager.cpp(369,43): warning C4305: 'argument': truncation from 'double' to 'float'
C:\Users\Voryz\Desktop\Universidad\Image\Fundamentos de programacion\Trabajos practicos\TP02_BorjaLia_Breakout\TP02_BorjaLia_Breakout\GameManager.cpp(375,47): warning C4305: 'argument': truncation from 'double' to 'float'
C:\Users\Voryz\Desktop\Universidad\Image\Fundamentos de programacion\Trabajos practicos\TP02_BorjaLia_Breakout\TP02_BorjaLia_Breakout\GameManager.cpp(375,43): warning C4305: 'argument': truncation from 'double' to 'float'
C:\Users\Voryz\Desktop\Universidad\Image\Fundamentos de programacion\Trabajos practicos\TP02_BorjaLia_Breakout\TP02_BorjaLia_Breakout\GameManager.cpp(381,47): warning C4305: 'argument': truncation from 'double' to 'float'
C:\Users\Voryz\Desktop\Universidad\Image\Fundamentos de programacion\Trabajos practicos\TP02_BorjaLia_Breakout\TP02_BorjaLia_Breakout\GameManager.cpp(381,43): warning C4305: 'argument': truncation from 'double' to 'float'
C:\Users\Voryz\Desktop\Universidad\Image\Fundamentos de programacion\Trabajos practicos\TP02_BorjaLia_Breakout\TP02_BorjaLia_Breakout\GameManager.cpp(389,29): warning C4305: 'argument': truncation from 'double' to 'float'
C:\Users\Voryz\Desktop\Universidad\Image\Fundamentos de programacion\Trabajos practicos\TP02_BorjaLia_Breakout\TP02_BorjaLia_Breakout\GameManager.cpp(389,25): warning C4305: 'argument': truncation from 'double' to 'float'
C:\Users\Voryz\Desktop\Universidad\Image\Fundamentos de programacion\Trabajos practicos\TP02_BorjaLia_Breakout\TP02_BorjaLia_Breakout\GameManager.cpp(399,31): warning C4305: 'argument': truncation from 'double' to 'float'
C:\Users\Voryz\Desktop\Universidad\Image\Fundamentos de programacion\Trabajos practicos\TP02_BorjaLia_Breakout\TP02_BorjaLia_Breakout\GameManager.cpp(399,27): warning C4305: 'argument': truncation from 'double' to 'float'
C:\Users\Voryz\Desktop\Universidad\Image\Fundamentos de programacion\Trabajos practicos\TP02_BorjaLia_Breakout\TP02_BorjaLia_Breakout\GameManager.cpp(400,38): warning C4305: 'argument': truncation from 'double' to 'float'
C:\Users\Voryz\Desktop\Universidad\Image\Fundamentos de programacion\Trabajos practicos\TP02_BorjaLia_Breakout\TP02_BorjaLia_Breakout\GameManager.cpp(416,48): warning C4305: 'argument': truncation from 'double' to 'float'
C:\Users\Voryz\Desktop\Universidad\Image\Fundamentos de programacion\Trabajos practicos\TP02_BorjaLia_Breakout\TP02_BorjaLia_Breakout\GameManager.cpp(417,50): warning C4305: 'argument': truncation from 'double' to 'float'
C:\Users\Voryz\Desktop\Universidad\Image\Fundamentos de programacion\Trabajos practicos\TP02_BorjaLia_Breakout\TP02_BorjaLia_Breakout\GameManager.cpp(417,45): warning C4305: 'argument': truncation from 'double' to 'float'
C:\Users\Voryz\Desktop\Universidad\Image\Fundamentos de programacion\Trabajos practicos\TP02_BorjaLia_Breakout\TP02_BorjaLia_Breakout\GameManager.cpp(423,49): warning C4305: 'argument': truncation from 'double' to 'float'
C:\Users\Voryz\Desktop\Universidad\Image\Fundamentos de programacion\Trabajos practicos\TP02_BorjaLia_Breakout\TP02_BorjaLia_Breakout\GameManager.cpp(429,48): warning C4305: 'argument': truncation from 'double' to 'float'
C:\Users\Voryz\Desktop\Universidad\Image\Fundamentos de programacion\Trabajos practicos\TP02_BorjaLia_Breakout\TP02_BorjaLia_Breakout\GameManager.cpp(435,47): warning C4305: 'argument': truncation from 'double' to 'float'
C:\Users\Voryz\Desktop\Universidad\Image\Fundamentos de programacion\Trabajos practicos\TP02_BorjaLia_Breakout\TP02_BorjaLia_Breakout\GameManager.cpp(757,37): warning C4305: 'argument': truncation from 'double' to 'float'
C:\Users\Voryz\Desktop\Universidad\Image\Fundamentos de programacion\Trabajos practicos\TP02_BorjaLia_Breakout\TP02_BorjaLia_Breakout\GameManager.cpp(757,33): warning C4305: 'argument': truncation from 'double' to 'float'
C:\Users\Voryz\Desktop\Universidad\Image\Fundamentos de programacion\Trabajos practicos\TP02_BorjaLia_Breakout\TP02_BorjaLia_Breakout\GameManager.cpp(758,48): warning C4305: 'argument': truncation from 'double' to 'float'
C:\Users\Voryz\Desktop\Universidad\Image\Fundamentos de programacion\Trabajos practicos\TP02_BorjaLia_Breakout\TP02_BorjaLia_Breakout\GameManager.cpp(759,50): warning C4305: 'argument': truncation from 'double' to 'float'
C:\Users\Voryz\Desktop\Universidad\Image\Fundamentos de programacion\Trabajos practicos\TP02_BorjaLia_Breakout\TP02_BorjaLia_Breakout\GameManager.cpp(760,58): warning C4305: 'argument': truncation from 'double' to 'float'
C:\Users\Voryz\Desktop\Universidad\Image\Fundamentos de programacion\Trabajos practicos\TP02_BorjaLia_Breakout\TP02_BorjaLia_Breakout\GameManager.cpp(961,36): warning C4305: 'argument': truncation from 'double' to 'float'
C:\Users\Voryz\Desktop\Universidad\Image\Fundamentos de programacion\Trabajos practicos\TP02_BorjaLia_Breakout\TP02_BorjaLia_Breakout\GameManager.cpp(961,32): warning C4305: 'argument': truncation from 'double' to 'float'
C:\Users\Voryz\Desktop\Universidad\Image\Fundamentos de programacion\Trabajos practicos\TP02_BorjaLia_Breakout\TP02_BorjaLia_Breakout\GameManager.cpp(980,27): warning C4244: '=': conversion from 'int' to 'float', possible loss of data
C:\Users\Voryz\Desktop\Universidad\Image\Fundamentos de programacion\Trabajos practicos\TP02_BorjaLia_Breakout\TP02_BorjaLia_Breakout\GameManager.cpp(1028,51): warning C4244: 'argument': conversion from 'float' to 'int', possible loss of data
  Globals.cpp
C:\Users\Voryz\Desktop\Universidad\Image\Fundamentos de programacion\Trabajos practicos\TP02_BorjaLia_Breakout\lib\BorjaLib\include\Utils_Borja.h(303,14): warning C4244: '=': conversion from 'const int' to 'float', possible loss of data
  (compiling source file 'Globals.cpp')
  
C:\Users\Voryz\Desktop\Universidad\Image\Fundamentos de programacion\Trabajos practicos\TP02_BorjaLia_Breakout\lib\BorjaLib\include\Utils_Borja.h(304,14): warning C4244: '=': conversion from 'const int' to 'float', possible loss of data
  (compiling source file 'Globals.cpp')
  
C:\Users\Voryz\Desktop\Universidad\Image\Fundamentos de programacion\Trabajos practicos\TP02_BorjaLia_Breakout\lib\BorjaLib\include\Utils_Borja.h(379,9): warning C4005: 'WHITE': macro redefinition
  (compiling source file 'Globals.cpp')
      C:\Users\Voryz\Desktop\Universidad\Image\Fundamentos de programacion\Trabajos practicos\TP02_BorjaLia_Breakout\lib\raylib-5.5_win64_msvc16\include\raylib.h(197,9):
      see previous definition of 'WHITE'
  
C:\Users\Voryz\Desktop\Universidad\Image\Fundamentos de programacion\Trabajos practicos\TP02_BorjaLia_Breakout\lib\BorjaLib\include\Utils_Borja.h(383,9): warning C4005: 'BLACK': macro redefinition
  (compiling source file 'Globals.cpp')
      C:\Users\Voryz\Desktop\Universidad\Image\Fundamentos de programacion\Trabajos practicos\TP02_BorjaLia_Breakout\lib\raylib-5.5_win64_msvc16\include\raylib.h(198,9):
      see previous definition of 'BLACK'
  
C:\Users\Voryz\Desktop\Universidad\Image\Fundamentos de programacion\Trabajos practicos\TP02_BorjaLia_Breakout\lib\BorjaLib\include\Utils_Borja.h(385,9): warning C4005: 'RED': macro redefinition
  (compiling source file 'Globals.cpp')
      C:\Users\Voryz\Desktop\Universidad\Image\Fundamentos de programacion\Trabajos practicos\TP02_BorjaLia_Breakout\lib\raylib-5.5_win64_msvc16\include\raylib.h(182,9):
      see previous definition of 'RED'
  
C:\Users\Voryz\Desktop\Universidad\Image\Fundamentos de programacion\Trabajos practicos\TP02_BorjaLia_Breakout\lib\BorjaLib\include\Utils_Borja.h(386,9): warning C4005: 'GREEN': macro redefinition
  (compiling source file 'Globals.cpp')
      C:\Users\Voryz\Desktop\Universidad\Image\Fundamentos de programacion\Trabajos practicos\TP02_BorjaLia_Breakout\lib\raylib-5.5_win64_msvc16\include\raylib.h(184,9):
      see previous definition of 'GREEN'
  
C:\Users\Voryz\Desktop\Universidad\Image\Fundamentos de programacion\Trabajos practicos\TP02_BorjaLia_Breakout\lib\BorjaLib\include\Utils_Borja.h(387,9): warning C4005: 'BLUE': macro redefinition
  (compiling source file 'Globals.cpp')
      C:\Users\Voryz\Desktop\Universidad\Image\Fundamentos de programacion\Trabajos practicos\TP02_BorjaLia_Breakout\lib\raylib-5.5_win64_msvc16\include\raylib.h(188,9):
      see previous definition of 'BLUE'
  
C:\Users\Voryz\Desktop\Universidad\Image\Fundamentos de programacion\Trabajos practicos\TP02_BorjaLia_Breakout\lib\BorjaLib\include\Utils_Borja.h(389,9): warning C4005: 'YELLOW': macro redefinition
  (compiling source file 'Globals.cpp')
      C:\Users\Voryz\Desktop\Universidad\Image\Fundamentos de programacion\Trabajos practicos\TP02_BorjaLia_Breakout\lib\raylib-5.5_win64_msvc16\include\raylib.h(178,9):
      see previous definition of 'YELLOW'
  
C:\Users\Voryz\Desktop\Universidad\Image\Fundamentos de programacion\Trabajos practicos\TP02_BorjaLia_Breakout\lib\BorjaLib\include\Utils_Borja.h(391,9): warning C4005: 'MAGENTA': macro redefinition
  (compiling source file 'Globals.cpp')
      C:\Users\Voryz\Desktop\Universidad\Image\Fundamentos de programacion\Trabajos practicos\TP02_BorjaLia_Breakout\lib\raylib-5.5_win64_msvc16\include\raylib.h(200,9):
      see previous definition of 'MAGENTA'
  
C:\Users\Voryz\Desktop\Universidad\Image\Fundamentos de programacion\Trabajos practicos\TP02_BorjaLia_Breakout\lib\BorjaLib\include\Utils_Borja.h(393,9): warning C4005: 'ORANGE': macro redefinition
  (compiling source file 'Globals.cpp')
      C:\Users\Voryz\Desktop\Universidad\Image\Fundamentos de programacion\Trabajos practicos\TP02_BorjaLia_Breakout\lib\raylib-5.5_win64_msvc16\include\raylib.h(180,9):
      see previous definition of 'ORANGE'
  
C:\Users\Voryz\Desktop\Universidad\Image\Fundamentos de programacion\Trabajos practicos\TP02_BorjaLia_Breakout\lib\BorjaLib\include\Utils_Borja.h(394,9): warning C4005: 'LIME': macro redefinition
  (compiling source file 'Globals.cpp')
      C:\Users\Voryz\Desktop\Universidad\Image\Fundamentos de programacion\Trabajos practicos\TP02_BorjaLia_Breakout\lib\raylib-5.5_win64_msvc16\include\raylib.h(185,9):
      see previous definition of 'LIME'
  
C:\Users\Voryz\Desktop\Universidad\Image\Fundamentos de programacion\Trabajos practicos\TP02_BorjaLia_Breakout\lib\BorjaLib\include\Utils_Borja.h(396,9): warning C4005: 'PURPLE': macro redefinition
  (compiling source file 'Globals.cpp')
      C:\Users\Voryz\Desktop\Universidad\Image\Fundamentos de programacion\Trabajos practicos\TP02_BorjaLia_Breakout\lib\raylib-5.5_win64_msvc16\include\raylib.h(190,9):
      see previous definition of 'PURPLE'
  
C:\Users\Voryz\Desktop\Universidad\Image\Fundamentos de programacion\Trabajos practicos\TP02_BorjaLia_Breakout\TP02_BorjaLia_Breakout\Paddle.h(14,28): warning C4305: 'argument': truncation from 'double' to 'float'
  (compiling source file 'Globals.cpp')
  
C:\Users\Voryz\Desktop\Universidad\Image\Fundamentos de programacion\Trabajos practicos\TP02_BorjaLia_Breakout\TP02_BorjaLia_Breakout\Paddle.h(20,30): warning C4305: 'argument': truncation from 'double' to 'float'
  (compiling source file 'Globals.cpp')
  
C:\Users\Voryz\Desktop\Universidad\Image\Fundamentos de programacion\Trabajos practicos\TP02_BorjaLia_Breakout\TP02_BorjaLia_Breakout\Paddle.h(20,25): warning C4305: 'argument': truncation from 'double' to 'float'
  (compiling source file 'Globals.cpp')
  
  Levels.cpp
C:\Users\Voryz\Desktop\Universidad\Image\Fundamentos de programacion\Trabajos practicos\TP02_BorjaLia_Breakout\lib\BorjaLib\include\Utils_Borja.h(303,14): warning C4244: '=': conversion from 'const int' to 'float', possible loss of data
  (compiling source file 'Levels.cpp')
  
C:\Users\Voryz\Desktop\Universidad\Image\Fundamentos de programacion\Trabajos practicos\TP02_BorjaLia_Breakout\lib\BorjaLib\include\Utils_Borja.h(304,14): warning C4244: '=': conversion from 'const int' to 'float', possible loss of data
  (compiling source file 'Levels.cpp')
  
C:\Users\Voryz\Desktop\Universidad\Image\Fundamentos de programacion\Trabajos practicos\TP02_BorjaLia_Breakout\lib\BorjaLib\include\Utils_Borja.h(379,9): warning C4005: 'WHITE': macro redefinition
  (compiling source file 'Levels.cpp')
      C:\Users\Voryz\Desktop\Universidad\Image\Fundamentos de programacion\Trabajos practicos\TP02_BorjaLia_Breakout\lib\raylib-5.5_win64_msvc16\include\raylib.h(197,9):
      see previous definition of 'WHITE'
  
C:\Users\Voryz\Desktop\Universidad\Image\Fundamentos de programacion\Trabajos practicos\TP02_BorjaLia_Breakout\lib\BorjaLib\include\Utils_Borja.h(383,9): warning C4005: 'BLACK': macro redefinition
  (compiling source file 'Levels.cpp')
      C:\Users\Voryz\Desktop\Universidad\Image\Fundamentos de programacion\Trabajos practicos\TP02_BorjaLia_Breakout\lib\raylib-5.5_win64_msvc16\include\raylib.h(198,9):
      see previous definition of 'BLACK'
  
C:\Users\Voryz\Desktop\Universidad\Image\Fundamentos de programacion\Trabajos practicos\TP02_BorjaLia_Breakout\lib\BorjaLib\include\Utils_Borja.h(385,9): warning C4005: 'RED': macro redefinition
  (compiling source file 'Levels.cpp')
      C:\Users\Voryz\Desktop\Universidad\Image\Fundamentos de programacion\Trabajos practicos\TP02_BorjaLia_Breakout\lib\raylib-5.5_win64_msvc16\include\raylib.h(182,9):
      see previous definition of 'RED'
  
C:\Users\Voryz\Desktop\Universidad\Image\Fundamentos de programacion\Trabajos practicos\TP02_BorjaLia_Breakout\lib\BorjaLib\include\Utils_Borja.h(386,9): warning C4005: 'GREEN': macro redefinition
  (compiling source file 'Levels.cpp')
      C:\Users\Voryz\Desktop\Universidad\Image\Fundamentos de programacion\Trabajos practicos\TP02_BorjaLia_Breakout\lib\raylib-5.5_win64_msvc16\include\raylib.h(184,9):
      see previous definition of 'GREEN'
  
C:\Users\Voryz\Desktop\Universidad\Image\Fundamentos de programacion\Trabajos practicos\TP02_BorjaLia_Breakout\lib\BorjaLib\include\Utils_Borja.h(387,9): warning C4005: 'BLUE': macro redefinition
  (compiling source file 'Levels.cpp')
      C:\Users\Voryz\Desktop\Universidad\Image\Fundamentos de programacion\Trabajos practicos\TP02_BorjaLia_Breakout\lib\raylib-5.5_win64_msvc16\include\raylib.h(188,9):
      see previous definition of 'BLUE'
  
C:\Users\Voryz\Desktop\Universidad\Image\Fundamentos de programacion\Trabajos practicos\TP02_BorjaLia_Breakout\lib\BorjaLib\include\Utils_Borja.h(389,9): warning C4005: 'YELLOW': macro redefinition
  (compiling source file 'Levels.cpp')
      C:\Users\Voryz\Desktop\Universidad\Image\Fundamentos de programacion\Trabajos practicos\TP02_BorjaLia_Breakout\lib\raylib-5.5_win64_msvc16\include\raylib.h(178,9):
      see previous definition of 'YELLOW'
  
C:\Users\Voryz\Desktop\Universidad\Image\Fundamentos de programacion\Trabajos practicos\TP02_BorjaLia_Breakout\lib\BorjaLib\include\Utils_Borja.h(391,9): warning C4005: 'MAGENTA': macro redefinition
  (compiling source file 'Levels.cpp')
      C:\Users\Voryz\Desktop\Universidad\Image\Fundamentos de programacion\Trabajos practicos\TP02_BorjaLia_Breakout\lib\raylib-5.5_win64_msvc16\include\raylib.h(200,9):
      see previous definition of 'MAGENTA'
  
C:\Users\Voryz\Desktop\Universidad\Image\Fundamentos de programacion\Trabajos practicos\TP02_BorjaLia_Breakout\lib\BorjaLib\include\Utils_Borja.h(393,9): warning C4005: 'ORANGE': macro redefinition
  (compiling source file 'Levels.cpp')
      C:\Users\Voryz\Desktop\Universidad\Image\Fundamentos de programacion\Trabajos practicos\TP02_BorjaLia_Breakout\lib\raylib-5.5_win64_msvc16\include\raylib.h(180,9):
      see previous definition of 'ORANGE'
  
C:\Users\Voryz\Desktop\Universidad\Image\Fundamentos de programacion\Trabajos practicos\TP02_BorjaLia_Breakout\lib\BorjaLib\include\Utils_Borja.h(394,9): warning C4005: 'LIME': macro redefinition
  (compiling source file 'Levels.cpp')
      C:\Users\Voryz\Desktop\Universidad\Image\Fundamentos de programacion\Trabajos practicos\TP02_BorjaLia_Breakout\lib\raylib-5.5_win64_msvc16\include\raylib.h(185,9):
      see previous definition of 'LIME'
  
C:\Users\Voryz\Desktop\Universidad\Image\Fundamentos de programacion\Trabajos practicos\TP02_BorjaLia_Breakout\lib\BorjaLib\include\Utils_Borja.h(396,9): warning C4005: 'PURPLE': macro redefinition
  (compiling source file 'Levels.cpp')
      C:\Users\Voryz\Desktop\Universidad\Image\Fundamentos de programacion\Trabajos practicos\TP02_BorjaLia_Breakout\lib\raylib-5.5_win64_msvc16\include\raylib.h(190,9):
      see previous definition of 'PURPLE'
  
C:\Users\Voryz\Desktop\Universidad\Image\Fundamentos de programacion\Trabajos practicos\TP02_BorjaLia_Breakout\TP02_BorjaLia_Breakout\Paddle.h(14,28): warning C4305: 'argument': truncation from 'double' to 'float'
  (compiling source file 'Levels.cpp')
  
C:\Users\Voryz\Desktop\Universidad\Image\Fundamentos de programacion\Trabajos practicos\TP02_BorjaLia_Breakout\TP02_BorjaLia_Breakout\Paddle.h(20,30): warning C4305: 'argument': truncation from 'double' to 'float'
  (compiling source file 'Levels.cpp')
  
C:\Users\Voryz\Desktop\Universidad\Image\Fundamentos de programacion\Trabajos practicos\TP02_BorjaLia_Breakout\TP02_BorjaLia_Breakout\Paddle.h(20,25): warning C4305: 'argument': truncation from 'double' to 'float'
  (compiling source file 'Levels.cpp')
  
C:\Users\Voryz\Desktop\Universidad\Image\Fundamentos de programacion\Trabajos practicos\TP02_BorjaLia_Breakout\TP02_BorjaLia_Breakout\Block.h(34,31): warning C4305: 'argument': truncation from 'double' to 'float'
  (compiling source file 'Levels.cpp')
  
C:\Users\Voryz\Desktop\Universidad\Image\Fundamentos de programacion\Trabajos practicos\TP02_BorjaLia_Breakout\TP02_BorjaLia_Breakout\Block.h(34,25): warning C4305: 'argument': truncation from 'double' to 'float'
  (compiling source file 'Levels.cpp')
  
C:\Users\Voryz\Desktop\Universidad\Image\Fundamentos de programacion\Trabajos practicos\TP02_BorjaLia_Breakout\TP02_BorjaLia_Breakout\Ball.h(25,29): warning C4305: 'argument': truncation from 'double' to 'float'
  (compiling source file 'Levels.cpp')
  
C:\Users\Voryz\Desktop\Universidad\Image\Fundamentos de programacion\Trabajos practicos\TP02_BorjaLia_Breakout\TP02_BorjaLia_Breakout\Ball.h(30,31): warning C4305: 'argument': truncation from 'double' to 'float'
  (compiling source file 'Levels.cpp')
  
C:\Users\Voryz\Desktop\Universidad\Image\Fundamentos de programacion\Trabajos practicos\TP02_BorjaLia_Breakout\TP02_BorjaLia_Breakout\Ball.h(30,25): warning C4305: 'argument': truncation from 'double' to 'float'
  (compiling source file 'Levels.cpp')
  
  Main.cpp
C:\Users\Voryz\Desktop\Universidad\Image\Fundamentos de programacion\Trabajos practicos\TP02_BorjaLia_Breakout\lib\BorjaLib\include\Utils_Borja.h(303,14): warning C4244: '=': conversion from 'const int' to 'float', possible loss of data
  (compiling source file 'Main.cpp')
  
C:\Users\Voryz\Desktop\Universidad\Image\Fundamentos de programacion\Trabajos practicos\TP02_BorjaLia_Breakout\lib\BorjaLib\include\Utils_Borja.h(304,14): warning C4244: '=': conversion from 'const int' to 'float', possible loss of data
  (compiling source file 'Main.cpp')
  
C:\Users\Voryz\Desktop\Universidad\Image\Fundamentos de programacion\Trabajos practicos\TP02_BorjaLia_Breakout\lib\BorjaLib\include\Utils_Borja.h(379,9): warning C4005: 'WHITE': macro redefinition
  (compiling source file 'Main.cpp')
      C:\Users\Voryz\Desktop\Universidad\Image\Fundamentos de programacion\Trabajos practicos\TP02_BorjaLia_Breakout\lib\raylib-5.5_win64_msvc16\include\raylib.h(197,9):
      see previous definition of 'WHITE'
  
C:\Users\Voryz\Desktop\Universidad\Image\Fundamentos de programacion\Trabajos practicos\TP02_BorjaLia_Breakout\lib\BorjaLib\include\Utils_Borja.h(383,9): warning C4005: 'BLACK': macro redefinition
  (compiling source file 'Main.cpp')
      C:\Users\Voryz\Desktop\Universidad\Image\Fundamentos de programacion\Trabajos practicos\TP02_BorjaLia_Breakout\lib\raylib-5.5_win64_msvc16\include\raylib.h(198,9):
      see previous definition of 'BLACK'
  
C:\Users\Voryz\Desktop\Universidad\Image\Fundamentos de programacion\Trabajos practicos\TP02_BorjaLia_Breakout\lib\BorjaLib\include\Utils_Borja.h(385,9): warning C4005: 'RED': macro redefinition
  (compiling source file 'Main.cpp')
      C:\Users\Voryz\Desktop\Universidad\Image\Fundamentos de programacion\Trabajos practicos\TP02_BorjaLia_Breakout\lib\raylib-5.5_win64_msvc16\include\raylib.h(182,9):
      see previous definition of 'RED'
  
C:\Users\Voryz\Desktop\Universidad\Image\Fundamentos de programacion\Trabajos practicos\TP02_BorjaLia_Breakout\lib\BorjaLib\include\Utils_Borja.h(386,9): warning C4005: 'GREEN': macro redefinition
  (compiling source file 'Main.cpp')
      C:\Users\Voryz\Desktop\Universidad\Image\Fundamentos de programacion\Trabajos practicos\TP02_BorjaLia_Breakout\lib\raylib-5.5_win64_msvc16\include\raylib.h(184,9):
      see previous definition of 'GREEN'
  
C:\Users\Voryz\Desktop\Universidad\Image\Fundamentos de programacion\Trabajos practicos\TP02_BorjaLia_Breakout\lib\BorjaLib\include\Utils_Borja.h(387,9): warning C4005: 'BLUE': macro redefinition
  (compiling source file 'Main.cpp')
      C:\Users\Voryz\Desktop\Universidad\Image\Fundamentos de programacion\Trabajos practicos\TP02_BorjaLia_Breakout\lib\raylib-5.5_win64_msvc16\include\raylib.h(188,9):
      see previous definition of 'BLUE'
  
C:\Users\Voryz\Desktop\Universidad\Image\Fundamentos de programacion\Trabajos practicos\TP02_BorjaLia_Breakout\lib\BorjaLib\include\Utils_Borja.h(389,9): warning C4005: 'YELLOW': macro redefinition
  (compiling source file 'Main.cpp')
      C:\Users\Voryz\Desktop\Universidad\Image\Fundamentos de programacion\Trabajos practicos\TP02_BorjaLia_Breakout\lib\raylib-5.5_win64_msvc16\include\raylib.h(178,9):
      see previous definition of 'YELLOW'
  
C:\Users\Voryz\Desktop\Universidad\Image\Fundamentos de programacion\Trabajos practicos\TP02_BorjaLia_Breakout\lib\BorjaLib\include\Utils_Borja.h(391,9): warning C4005: 'MAGENTA': macro redefinition
  (compiling source file 'Main.cpp')
      C:\Users\Voryz\Desktop\Universidad\Image\Fundamentos de programacion\Trabajos practicos\TP02_BorjaLia_Breakout\lib\raylib-5.5_win64_msvc16\include\raylib.h(200,9):
      see previous definition of 'MAGENTA'
  
C:\Users\Voryz\Desktop\Universidad\Image\Fundamentos de programacion\Trabajos practicos\TP02_BorjaLia_Breakout\lib\BorjaLib\include\Utils_Borja.h(393,9): warning C4005: 'ORANGE': macro redefinition
  (compiling source file 'Main.cpp')
      C:\Users\Voryz\Desktop\Universidad\Image\Fundamentos de programacion\Trabajos practicos\TP02_BorjaLia_Breakout\lib\raylib-5.5_win64_msvc16\include\raylib.h(180,9):
      see previous definition of 'ORANGE'
  
C:\Users\Voryz\Desktop\Universidad\Image\Fundamentos de programacion\Trabajos practicos\TP02_BorjaLia_Breakout\lib\BorjaLib\include\Utils_Borja.h(394,9): warning C4005: 'LIME': macro redefinition
  (compiling source file 'Main.cpp')
      C:\Users\Voryz\Desktop\Universidad\Image\Fundamentos de programacion\Trabajos practicos\TP02_BorjaLia_Breakout\lib\raylib-5.5_win64_msvc16\include\raylib.h(185,9):
      see previous definition of 'LIME'
  
C:\Users\Voryz\Desktop\Universidad\Image\Fundamentos de programacion\Trabajos practicos\TP02_BorjaLia_Breakout\lib\BorjaLib\include\Utils_Borja.h(396,9): warning C4005: 'PURPLE': macro redefinition
  (compiling source file 'Main.cpp')
      C:\Users\Voryz\Desktop\Universidad\Image\Fundamentos de programacion\Trabajos practicos\TP02_BorjaLia_Breakout\lib\raylib-5.5_win64_msvc16\include\raylib.h(190,9):
      see previous definition of 'PURPLE'
  
C:\Users\Voryz\Desktop\Universidad\Image\Fundamentos de programacion\Trabajos practicos\TP02_BorjaLia_Breakout\TP02_BorjaLia_Breakout\Paddle.h(14,28): warning C4305: 'argument': truncation from 'double' to 'float'
  (compiling source file 'Main.cpp')
  
C:\Users\Voryz\Desktop\Universidad\Image\Fundamentos de programacion\Trabajos practicos\TP02_BorjaLia_Breakout\TP02_BorjaLia_Breakout\Paddle.h(20,30): warning C4305: 'argument': truncation from 'double' to 'float'
  (compiling source file 'Main.cpp')
  
C:\Users\Voryz\Desktop\Universidad\Image\Fundamentos de programacion\Trabajos practicos\TP02_BorjaLia_Breakout\TP02_BorjaLia_Breakout\Paddle.h(20,25): warning C4305: 'argument': truncation from 'double' to 'float'
  (compiling source file 'Main.cpp')
  
C:\Users\Voryz\Desktop\Universidad\Image\Fundamentos de programacion\Trabajos practicos\TP02_BorjaLia_Breakout\TP02_BorjaLia_Breakout\Block.h(34,31): warning C4305: 'argument': truncation from 'double' to 'float'
  (compiling source file 'Main.cpp')
  
C:\Users\Voryz\Desktop\Universidad\Image\Fundamentos de programacion\Trabajos practicos\TP02_BorjaLia_Breakout\TP02_BorjaLia_Breakout\Block.h(34,25): warning C4305: 'argument': truncation from 'double' to 'float'
  (compiling source file 'Main.cpp')
  
C:\Users\Voryz\Desktop\Universidad\Image\Fundamentos de programacion\Trabajos practicos\TP02_BorjaLia_Breakout\TP02_BorjaLia_Breakout\Ball.h(25,29): warning C4305: 'argument': truncation from 'double' to 'float'
  (compiling source file 'Main.cpp')
  
C:\Users\Voryz\Desktop\Universidad\Image\Fundamentos de programacion\Trabajos practicos\TP02_BorjaLia_Breakout\TP02_BorjaLia_Breakout\Ball.h(30,31): warning C4305: 'argument': truncation from 'double' to 'float'
  (compiling source file 'Main.cpp')
  
C:\Users\Voryz\Desktop\Universidad\Image\Fundamentos de programacion\Trabajos practicos\TP02_BorjaLia_Breakout\TP02_BorjaLia_Breakout\Ball.h(30,25): warning C4305: 'argument': truncation from 'double' to 'float'
  (compiling source file 'Main.cpp')
  
C:\Users\Voryz\Desktop\Universidad\Image\Fundamentos de programacion\Trabajos practicos\TP02_BorjaLia_Breakout\TP02_BorjaLia_Breakout\Main.cpp(4,6): warning C4326: return type of 'main' should be 'int' instead of 'void'
  Paddle.cpp
C:\Users\Voryz\Desktop\Universidad\Image\Fundamentos de programacion\Trabajos practicos\TP02_BorjaLia_Breakout\lib\BorjaLib\include\Utils_Borja.h(303,14): warning C4244: '=': conversion from 'const int' to 'float', possible loss of data
  (compiling source file 'Paddle.cpp')
  
C:\Users\Voryz\Desktop\Universidad\Image\Fundamentos de programacion\Trabajos practicos\TP02_BorjaLia_Breakout\lib\BorjaLib\include\Utils_Borja.h(304,14): warning C4244: '=': conversion from 'const int' to 'float', possible loss of data
  (compiling source file 'Paddle.cpp')
  
C:\Users\Voryz\Desktop\Universidad\Image\Fundamentos de programacion\Trabajos practicos\TP02_BorjaLia_Breakout\lib\BorjaLib\include\Utils_Borja.h(379,9): warning C4005: 'WHITE': macro redefinition
  (compiling source file 'Paddle.cpp')
      C:\Users\Voryz\Desktop\Universidad\Image\Fundamentos de programacion\Trabajos practicos\TP02_BorjaLia_Breakout\lib\raylib-5.5_win64_msvc16\include\raylib.h(197,9):
      see previous definition of 'WHITE'
  
C:\Users\Voryz\Desktop\Universidad\Image\Fundamentos de programacion\Trabajos practicos\TP02_BorjaLia_Breakout\lib\BorjaLib\include\Utils_Borja.h(383,9): warning C4005: 'BLACK': macro redefinition
  (compiling source file 'Paddle.cpp')
      C:\Users\Voryz\Desktop\Universidad\Image\Fundamentos de programacion\Trabajos practicos\TP02_BorjaLia_Breakout\lib\raylib-5.5_win64_msvc16\include\raylib.h(198,9):
      see previous definition of 'BLACK'
  
C:\Users\Voryz\Desktop\Universidad\Image\Fundamentos de programacion\Trabajos practicos\TP02_BorjaLia_Breakout\lib\BorjaLib\include\Utils_Borja.h(385,9): warning C4005: 'RED': macro redefinition
  (compiling source file 'Paddle.cpp')
      C:\Users\Voryz\Desktop\Universidad\Image\Fundamentos de programacion\Trabajos practicos\TP02_BorjaLia_Breakout\lib\raylib-5.5_win64_msvc16\include\raylib.h(182,9):
      see previous definition of 'RED'
  
C:\Users\Voryz\Desktop\Universidad\Image\Fundamentos de programacion\Trabajos practicos\TP02_BorjaLia_Breakout\lib\BorjaLib\include\Utils_Borja.h(386,9): warning C4005: 'GREEN': macro redefinition
  (compiling source file 'Paddle.cpp')
      C:\Users\Voryz\Desktop\Universidad\Image\Fundamentos de programacion\Trabajos practicos\TP02_BorjaLia_Breakout\lib\raylib-5.5_win64_msvc16\include\raylib.h(184,9):
      see previous definition of 'GREEN'
  
C:\Users\Voryz\Desktop\Universidad\Image\Fundamentos de programacion\Trabajos practicos\TP02_BorjaLia_Breakout\lib\BorjaLib\include\Utils_Borja.h(387,9): warning C4005: 'BLUE': macro redefinition
  (compiling source file 'Paddle.cpp')
      C:\Users\Voryz\Desktop\Universidad\Image\Fundamentos de programacion\Trabajos practicos\TP02_BorjaLia_Breakout\lib\raylib-5.5_win64_msvc16\include\raylib.h(188,9):
      see previous definition of 'BLUE'
  
C:\Users\Voryz\Desktop\Universidad\Image\Fundamentos de programacion\Trabajos practicos\TP02_BorjaLia_Breakout\lib\BorjaLib\include\Utils_Borja.h(389,9): warning C4005: 'YELLOW': macro redefinition
  (compiling source file 'Paddle.cpp')
      C:\Users\Voryz\Desktop\Universidad\Image\Fundamentos de programacion\Trabajos practicos\TP02_BorjaLia_Breakout\lib\raylib-5.5_win64_msvc16\include\raylib.h(178,9):
      see previous definition of 'YELLOW'
  
C:\Users\Voryz\Desktop\Universidad\Image\Fundamentos de programacion\Trabajos practicos\TP02_BorjaLia_Breakout\lib\BorjaLib\include\Utils_Borja.h(391,9): warning C4005: 'MAGENTA': macro redefinition
  (compiling source file 'Paddle.cpp')
      C:\Users\Voryz\Desktop\Universidad\Image\Fundamentos de programacion\Trabajos practicos\TP02_BorjaLia_Breakout\lib\raylib-5.5_win64_msvc16\include\raylib.h(200,9):
      see previous definition of 'MAGENTA'
  
C:\Users\Voryz\Desktop\Universidad\Image\Fundamentos de programacion\Trabajos practicos\TP02_BorjaLia_Breakout\lib\BorjaLib\include\Utils_Borja.h(393,9): warning C4005: 'ORANGE': macro redefinition
  (compiling source file 'Paddle.cpp')
      C:\Users\Voryz\Desktop\Universidad\Image\Fundamentos de programacion\Trabajos practicos\TP02_BorjaLia_Breakout\lib\raylib-5.5_win64_msvc16\include\raylib.h(180,9):
      see previous definition of 'ORANGE'
  
C:\Users\Voryz\Desktop\Universidad\Image\Fundamentos de programacion\Trabajos practicos\TP02_BorjaLia_Breakout\lib\BorjaLib\include\Utils_Borja.h(394,9): warning C4005: 'LIME': macro redefinition
  (compiling source file 'Paddle.cpp')
      C:\Users\Voryz\Desktop\Universidad\Image\Fundamentos de programacion\Trabajos practicos\TP02_BorjaLia_Breakout\lib\raylib-5.5_win64_msvc16\include\raylib.h(185,9):
      see previous definition of 'LIME'
  
C:\Users\Voryz\Desktop\Universidad\Image\Fundamentos de programacion\Trabajos practicos\TP02_BorjaLia_Breakout\lib\BorjaLib\include\Utils_Borja.h(396,9): warning C4005: 'PURPLE': macro redefinition
  (compiling source file 'Paddle.cpp')
      C:\Users\Voryz\Desktop\Universidad\Image\Fundamentos de programacion\Trabajos practicos\TP02_BorjaLia_Breakout\lib\raylib-5.5_win64_msvc16\include\raylib.h(190,9):
      see previous definition of 'PURPLE'
  
C:\Users\Voryz\Desktop\Universidad\Image\Fundamentos de programacion\Trabajos practicos\TP02_BorjaLia_Breakout\TP02_BorjaLia_Breakout\Paddle.h(14,28): warning C4305: 'argument': truncation from 'double' to 'float'
  (compiling source file 'Paddle.cpp')
  
C:\Users\Voryz\Desktop\Universidad\Image\Fundamentos de programacion\Trabajos practicos\TP02_BorjaLia_Breakout\TP02_BorjaLia_Breakout\Paddle.h(20,30): warning C4305: 'argument': truncation from 'double' to 'float'
  (compiling source file 'Paddle.cpp')
  
C:\Users\Voryz\Desktop\Universidad\Image\Fundamentos de programacion\Trabajos practicos\TP02_BorjaLia_Breakout\TP02_BorjaLia_Breakout\Paddle.h(20,25): warning C4305: 'argument': truncation from 'double' to 'float'
  (compiling source file 'Paddle.cpp')
  
  PowerDrop.cpp
C:\Users\Voryz\Desktop\Universidad\Image\Fundamentos de programacion\Trabajos practicos\TP02_BorjaLia_Breakout\lib\BorjaLib\include\Utils_Borja.h(303,14): warning C4244: '=': conversion from 'const int' to 'float', possible loss of data
  (compiling source file 'PowerDrop.cpp')
  
C:\Users\Voryz\Desktop\Universidad\Image\Fundamentos de programacion\Trabajos practicos\TP02_BorjaLia_Breakout\lib\BorjaLib\include\Utils_Borja.h(304,14): warning C4244: '=': conversion from 'const int' to 'float', possible loss of data
  (compiling source file 'PowerDrop.cpp')
  
C:\Users\Voryz\Desktop\Universidad\Image\Fundamentos de programacion\Trabajos practicos\TP02_BorjaLia_Breakout\lib\BorjaLib\include\Utils_Borja.h(379,9): warning C4005: 'WHITE': macro redefinition
  (compiling source file 'PowerDrop.cpp')
      C:\Users\Voryz\Desktop\Universidad\Image\Fundamentos de programacion\Trabajos practicos\TP02_BorjaLia_Breakout\lib\raylib-5.5_win64_msvc16\include\raylib.h(197,9):
      see previous definition of 'WHITE'
  
C:\Users\Voryz\Desktop\Universidad\Image\Fundamentos de programacion\Trabajos practicos\TP02_BorjaLia_Breakout\lib\BorjaLib\include\Utils_Borja.h(383,9): warning C4005: 'BLACK': macro redefinition
  (compiling source file 'PowerDrop.cpp')
      C:\Users\Voryz\Desktop\Universidad\Image\Fundamentos de programacion\Trabajos practicos\TP02_BorjaLia_Breakout\lib\raylib-5.5_win64_msvc16\include\raylib.h(198,9):
      see previous definition of 'BLACK'
  
C:\Users\Voryz\Desktop\Universidad\Image\Fundamentos de programacion\Trabajos practicos\TP02_BorjaLia_Breakout\lib\BorjaLib\include\Utils_Borja.h(385,9): warning C4005: 'RED': macro redefinition
  (compiling source file 'PowerDrop.cpp')
      C:\Users\Voryz\Desktop\Universidad\Image\Fundamentos de programacion\Trabajos practicos\TP02_BorjaLia_Breakout\lib\raylib-5.5_win64_msvc16\include\raylib.h(182,9):
      see previous definition of 'RED'
  
C:\Users\Voryz\Desktop\Universidad\Image\Fundamentos de programacion\Trabajos practicos\TP02_BorjaLia_Breakout\lib\BorjaLib\include\Utils_Borja.h(386,9): warning C4005: 'GREEN': macro redefinition
  (compiling source file 'PowerDrop.cpp')
      C:\Users\Voryz\Desktop\Universidad\Image\Fundamentos de programacion\Trabajos practicos\TP02_BorjaLia_Breakout\lib\raylib-5.5_win64_msvc16\include\raylib.h(184,9):
      see previous definition of 'GREEN'
  
C:\Users\Voryz\Desktop\Universidad\Image\Fundamentos de programacion\Trabajos practicos\TP02_BorjaLia_Breakout\lib\BorjaLib\include\Utils_Borja.h(387,9): warning C4005: 'BLUE': macro redefinition
  (compiling source file 'PowerDrop.cpp')
      C:\Users\Voryz\Desktop\Universidad\Image\Fundamentos de programacion\Trabajos practicos\TP02_BorjaLia_Breakout\lib\raylib-5.5_win64_msvc16\include\raylib.h(188,9):
      see previous definition of 'BLUE'
  
C:\Users\Voryz\Desktop\Universidad\Image\Fundamentos de programacion\Trabajos practicos\TP02_BorjaLia_Breakout\lib\BorjaLib\include\Utils_Borja.h(389,9): warning C4005: 'YELLOW': macro redefinition
  (compiling source file 'PowerDrop.cpp')
      C:\Users\Voryz\Desktop\Universidad\Image\Fundamentos de programacion\Trabajos practicos\TP02_BorjaLia_Breakout\lib\raylib-5.5_win64_msvc16\include\raylib.h(178,9):
      see previous definition of 'YELLOW'
  
C:\Users\Voryz\Desktop\Universidad\Image\Fundamentos de programacion\Trabajos practicos\TP02_BorjaLia_Breakout\lib\BorjaLib\include\Utils_Borja.h(391,9): warning C4005: 'MAGENTA': macro redefinition
  (compiling source file 'PowerDrop.cpp')
      C:\Users\Voryz\Desktop\Universidad\Image\Fundamentos de programacion\Trabajos practicos\TP02_BorjaLia_Breakout\lib\raylib-5.5_win64_msvc16\include\raylib.h(200,9):
      see previous definition of 'MAGENTA'
  
C:\Users\Voryz\Desktop\Universidad\Image\Fundamentos de programacion\Trabajos practicos\TP02_BorjaLia_Breakout\lib\BorjaLib\include\Utils_Borja.h(393,9): warning C4005: 'ORANGE': macro redefinition
  (compiling source file 'PowerDrop.cpp')
      C:\Users\Voryz\Desktop\Universidad\Image\Fundamentos de programacion\Trabajos practicos\TP02_BorjaLia_Breakout\lib\raylib-5.5_win64_msvc16\include\raylib.h(180,9):
      see previous definition of 'ORANGE'
  
C:\Users\Voryz\Desktop\Universidad\Image\Fundamentos de programacion\Trabajos practicos\TP02_BorjaLia_Breakout\lib\BorjaLib\include\Utils_Borja.h(394,9): warning C4005: 'LIME': macro redefinition
  (compiling source file 'PowerDrop.cpp')
      C:\Users\Voryz\Desktop\Universidad\Image\Fundamentos de programacion\Trabajos practicos\TP02_BorjaLia_Breakout\lib\raylib-5.5_win64_msvc16\include\raylib.h(185,9):
      see previous definition of 'LIME'
  
C:\Users\Voryz\Desktop\Universidad\Image\Fundamentos de programacion\Trabajos practicos\TP02_BorjaLia_Breakout\lib\BorjaLib\include\Utils_Borja.h(396,9): warning C4005: 'PURPLE': macro redefinition
  (compiling source file 'PowerDrop.cpp')
      C:\Users\Voryz\Desktop\Universidad\Image\Fundamentos de programacion\Trabajos practicos\TP02_BorjaLia_Breakout\lib\raylib-5.5_win64_msvc16\include\raylib.h(190,9):
      see previous definition of 'PURPLE'
  
C:\Users\Voryz\Desktop\Universidad\Image\Fundamentos de programacion\Trabajos practicos\TP02_BorjaLia_Breakout\TP02_BorjaLia_Breakout\Paddle.h(14,28): warning C4305: 'argument': truncation from 'double' to 'float'
  (compiling source file 'PowerDrop.cpp')
  
C:\Users\Voryz\Desktop\Universidad\Image\Fundamentos de programacion\Trabajos practicos\TP02_BorjaLia_Breakout\TP02_BorjaLia_Breakout\Paddle.h(20,30): warning C4305: 'argument': truncation from 'double' to 'float'
  (compiling source file 'PowerDrop.cpp')
  
C:\Users\Voryz\Desktop\Universidad\Image\Fundamentos de programacion\Trabajos practicos\TP02_BorjaLia_Breakout\TP02_BorjaLia_Breakout\Paddle.h(20,25): warning C4305: 'argument': truncation from 'double' to 'float'
  (compiling source file 'PowerDrop.cpp')
  
  StateManager.cpp
C:\Users\Voryz\Desktop\Universidad\Image\Fundamentos de programacion\Trabajos practicos\TP02_BorjaLia_Breakout\lib\BorjaLib\include\Utils_Borja.h(303,14): warning C4244: '=': conversion from 'const int' to 'float', possible loss of data
  (compiling source file 'StateManager.cpp')
  
C:\Users\Voryz\Desktop\Universidad\Image\Fundamentos de programacion\Trabajos practicos\TP02_BorjaLia_Breakout\lib\BorjaLib\include\Utils_Borja.h(304,14): warning C4244: '=': conversion from 'const int' to 'float', possible loss of data
  (compiling source file 'StateManager.cpp')
  
C:\Users\Voryz\Desktop\Universidad\Image\Fundamentos de programacion\Trabajos practicos\TP02_BorjaLia_Breakout\lib\BorjaLib\include\Utils_Borja.h(379,9): warning C4005: 'WHITE': macro redefinition
  (compiling source file 'StateManager.cpp')
      C:\Users\Voryz\Desktop\Universidad\Image\Fundamentos de programacion\Trabajos practicos\TP02_BorjaLia_Breakout\lib\raylib-5.5_win64_msvc16\include\raylib.h(197,9):
      see previous definition of 'WHITE'
  
C:\Users\Voryz\Desktop\Universidad\Image\Fundamentos de programacion\Trabajos practicos\TP02_BorjaLia_Breakout\lib\BorjaLib\include\Utils_Borja.h(383,9): warning C4005: 'BLACK': macro redefinition
  (compiling source file 'StateManager.cpp')
      C:\Users\Voryz\Desktop\Universidad\Image\Fundamentos de programacion\Trabajos practicos\TP02_BorjaLia_Breakout\lib\raylib-5.5_win64_msvc16\include\raylib.h(198,9):
      see previous definition of 'BLACK'
  
C:\Users\Voryz\Desktop\Universidad\Image\Fundamentos de programacion\Trabajos practicos\TP02_BorjaLia_Breakout\lib\BorjaLib\include\Utils_Borja.h(385,9): warning C4005: 'RED': macro redefinition
  (compiling source file 'StateManager.cpp')
      C:\Users\Voryz\Desktop\Universidad\Image\Fundamentos de programacion\Trabajos practicos\TP02_BorjaLia_Breakout\lib\raylib-5.5_win64_msvc16\include\raylib.h(182,9):
      see previous definition of 'RED'
  
C:\Users\Voryz\Desktop\Universidad\Image\Fundamentos de programacion\Trabajos practicos\TP02_BorjaLia_Breakout\lib\BorjaLib\include\Utils_Borja.h(386,9): warning C4005: 'GREEN': macro redefinition
  (compiling source file 'StateManager.cpp')
      C:\Users\Voryz\Desktop\Universidad\Image\Fundamentos de programacion\Trabajos practicos\TP02_BorjaLia_Breakout\lib\raylib-5.5_win64_msvc16\include\raylib.h(184,9):
      see previous definition of 'GREEN'
  
C:\Users\Voryz\Desktop\Universidad\Image\Fundamentos de programacion\Trabajos practicos\TP02_BorjaLia_Breakout\lib\BorjaLib\include\Utils_Borja.h(387,9): warning C4005: 'BLUE': macro redefinition
  (compiling source file 'StateManager.cpp')
      C:\Users\Voryz\Desktop\Universidad\Image\Fundamentos de programacion\Trabajos practicos\TP02_BorjaLia_Breakout\lib\raylib-5.5_win64_msvc16\include\raylib.h(188,9):
      see previous definition of 'BLUE'
  
C:\Users\Voryz\Desktop\Universidad\Image\Fundamentos de programacion\Trabajos practicos\TP02_BorjaLia_Breakout\lib\BorjaLib\include\Utils_Borja.h(389,9): warning C4005: 'YELLOW': macro redefinition
  (compiling source file 'StateManager.cpp')
      C:\Users\Voryz\Desktop\Universidad\Image\Fundamentos de programacion\Trabajos practicos\TP02_BorjaLia_Breakout\lib\raylib-5.5_win64_msvc16\include\raylib.h(178,9):
      see previous definition of 'YELLOW'
  
C:\Users\Voryz\Desktop\Universidad\Image\Fundamentos de programacion\Trabajos practicos\TP02_BorjaLia_Breakout\lib\BorjaLib\include\Utils_Borja.h(391,9): warning C4005: 'MAGENTA': macro redefinition
  (compiling source file 'StateManager.cpp')
      C:\Users\Voryz\Desktop\Universidad\Image\Fundamentos de programacion\Trabajos practicos\TP02_BorjaLia_Breakout\lib\raylib-5.5_win64_msvc16\include\raylib.h(200,9):
      see previous definition of 'MAGENTA'
  
C:\Users\Voryz\Desktop\Universidad\Image\Fundamentos de programacion\Trabajos practicos\TP02_BorjaLia_Breakout\lib\BorjaLib\include\Utils_Borja.h(393,9): warning C4005: 'ORANGE': macro redefinition
  (compiling source file 'StateManager.cpp')
      C:\Users\Voryz\Desktop\Universidad\Image\Fundamentos de programacion\Trabajos practicos\TP02_BorjaLia_Breakout\lib\raylib-5.5_win64_msvc16\include\raylib.h(180,9):
      see previous definition of 'ORANGE'
  
C:\Users\Voryz\Desktop\Universidad\Image\Fundamentos de programacion\Trabajos practicos\TP02_BorjaLia_Breakout\lib\BorjaLib\include\Utils_Borja.h(394,9): warning C4005: 'LIME': macro redefinition
  (compiling source file 'StateManager.cpp')
      C:\Users\Voryz\Desktop\Universidad\Image\Fundamentos de programacion\Trabajos practicos\TP02_BorjaLia_Breakout\lib\raylib-5.5_win64_msvc16\include\raylib.h(185,9):
      see previous definition of 'LIME'
  
C:\Users\Voryz\Desktop\Universidad\Image\Fundamentos de programacion\Trabajos practicos\TP02_BorjaLia_Breakout\lib\BorjaLib\include\Utils_Borja.h(396,9): warning C4005: 'PURPLE': macro redefinition
  (compiling source file 'StateManager.cpp')
      C:\Users\Voryz\Desktop\Universidad\Image\Fundamentos de programacion\Trabajos practicos\TP02_BorjaLia_Breakout\lib\raylib-5.5_win64_msvc16\include\raylib.h(190,9):
      see previous definition of 'PURPLE'
  
C:\Users\Voryz\Desktop\Universidad\Image\Fundamentos de programacion\Trabajos practicos\TP02_BorjaLia_Breakout\TP02_BorjaLia_Breakout\Paddle.h(14,28): warning C4305: 'argument': truncation from 'double' to 'float'
  (compiling source file 'StateManager.cpp')
  
C:\Users\Voryz\Desktop\Universidad\Image\Fundamentos de programacion\Trabajos practicos\TP02_BorjaLia_Breakout\TP02_BorjaLia_Breakout\Paddle.h(20,30): warning C4305: 'argument': truncation from 'double' to 'float'
  (compiling source file 'StateManager.cpp')
  
C:\Users\Voryz\Desktop\Universidad\Image\Fundamentos de programacion\Trabajos practicos\TP02_BorjaLia_Breakout\TP02_BorjaLia_Breakout\Paddle.h(20,25): warning C4305: 'argument': truncation from 'double' to 'float'
  (compiling source file 'StateManager.cpp')
  
C:\Users\Voryz\Desktop\Universidad\Image\Fundamentos de programacion\Trabajos practicos\TP02_BorjaLia_Breakout\TP02_BorjaLia_Breakout\Block.h(34,31): warning C4305: 'argument': truncation from 'double' to 'float'
  (compiling source file 'StateManager.cpp')
  
C:\Users\Voryz\Desktop\Universidad\Image\Fundamentos de programacion\Trabajos practicos\TP02_BorjaLia_Breakout\TP02_BorjaLia_Breakout\Block.h(34,25): warning C4305: 'argument': truncation from 'double' to 'float'
  (compiling source file 'StateManager.cpp')
  
C:\Users\Voryz\Desktop\Universidad\Image\Fundamentos de programacion\Trabajos practicos\TP02_BorjaLia_Breakout\TP02_BorjaLia_Breakout\Ball.h(25,29): warning C4305: 'argument': truncation from 'double' to 'float'
  (compiling source file 'StateManager.cpp')
  
C:\Users\Voryz\Desktop\Universidad\Image\Fundamentos de programacion\Trabajos practicos\TP02_BorjaLia_Breakout\TP02_BorjaLia_Breakout\Ball.h(30,31): warning C4305: 'argument': truncation from 'double' to 'float'
  (compiling source file 'StateManager.cpp')
  
C:\Users\Voryz\Desktop\Universidad\Image\Fundamentos de programacion\Trabajos practicos\TP02_BorjaLia_Breakout\TP02_BorjaLia_Breakout\Ball.h(30,25): warning C4305: 'argument': truncation from 'double' to 'float'
  (compiling source file 'StateManager.cpp')
  
  Generating Code...
LINK : warning LNK4098: defaultlib 'MSVCRT' conflicts with use of other libs; use /NODEFAULTLIB:library
  TP02_BorjaLia_Breakout.vcxproj -> C:\Users\Voryz\Desktop\Universidad\Image\Fundamentos de programacion\Trabajos practicos\TP02_BorjaLia_Breakout\bin\Debug\TP02_BorjaLia_Breakout.exe
